!SESSION 2023-01-03 09:07:25.646 -----------------------------------------------
eclipse.buildId=4.18.0.I20201202-1800
java.version=15.0.1
java.vendor=Oracle Corporation
BootLoader constants: OS=win32, ARCH=x86_64, WS=win32, NL=en_US
Framework arguments:  -product org.eclipse.epp.package.java.product
Command-line arguments:  -os win32 -ws win32 -arch x86_64 -product org.eclipse.epp.package.java.product

!ENTRY org.eclipse.jface 2 0 2023-01-03 09:11:33.515
!MESSAGE Keybinding conflicts occurred.  They may interfere with normal accelerator operation.
!SUBENTRY 1 org.eclipse.jface 2 0 2023-01-03 09:11:33.515
!MESSAGE A conflict occurred for CTRL+SHIFT+T:
Binding(CTRL+SHIFT+T,
	ParameterizedCommand(Command(org.eclipse.jdt.ui.navigate.open.type,Open Type,
		Open a type in a Java editor,
		Category(org.eclipse.ui.category.navigate,Navigate,null,true),
		org.eclipse.ui.internal.WorkbenchHandlerServiceHandler@3b8b4846,
		,,true),null),
	org.eclipse.ui.defaultAcceleratorConfiguration,
	org.eclipse.ui.contexts.window,,,system)
Binding(CTRL+SHIFT+T,
	ParameterizedCommand(Command(org.eclipse.lsp4e.symbolinworkspace,Go to Symbol in Workspace,
		,
		Category(org.eclipse.lsp4e.category,Language Servers,null,true),
		org.eclipse.ui.internal.WorkbenchHandlerServiceHandler@4e357792,
		,,true),null),
	org.eclipse.ui.defaultAcceleratorConfiguration,
	org.eclipse.ui.contexts.window,,,system)

!ENTRY org.eclipse.egit.ui 2 0 2023-01-03 09:11:39.690
!MESSAGE Warning: The environment variable HOME is not set. The following directory will be used to store the Git
user global configuration and to define the default location to store repositories: 'C:\Users\Keyur'. If this is
not correct please set the HOME environment variable and restart Eclipse. Otherwise Git for Windows and
EGit might behave differently since they see different configuration options.
This warning can be switched off on the Team > Git > Confirmations and Warnings preference page.
!SESSION 2023-01-03 09:16:31.548 -----------------------------------------------
eclipse.buildId=4.18.0.I20201202-1800
java.version=15.0.1
java.vendor=Oracle Corporation
BootLoader constants: OS=win32, ARCH=x86_64, WS=win32, NL=en_US
Framework arguments:  -product org.eclipse.epp.package.java.product
Command-line arguments:  -os win32 -ws win32 -arch x86_64 -product org.eclipse.epp.package.java.product

!ENTRY org.eclipse.jface 2 0 2023-01-03 09:16:43.396
!MESSAGE Keybinding conflicts occurred.  They may interfere with normal accelerator operation.
!SUBENTRY 1 org.eclipse.jface 2 0 2023-01-03 09:16:43.397
!MESSAGE A conflict occurred for CTRL+SHIFT+T:
Binding(CTRL+SHIFT+T,
	ParameterizedCommand(Command(org.eclipse.jdt.ui.navigate.open.type,Open Type,
		Open a type in a Java editor,
		Category(org.eclipse.ui.category.navigate,Navigate,null,true),
		org.eclipse.ui.internal.WorkbenchHandlerServiceHandler@1c05097c,
		,,true),null),
	org.eclipse.ui.defaultAcceleratorConfiguration,
	org.eclipse.ui.contexts.window,,,system)
Binding(CTRL+SHIFT+T,
	ParameterizedCommand(Command(org.eclipse.lsp4e.symbolinworkspace,Go to Symbol in Workspace,
		,
		Category(org.eclipse.lsp4e.category,Language Servers,null,true),
		org.eclipse.ui.internal.WorkbenchHandlerServiceHandler@562f6681,
		,,true),null),
	org.eclipse.ui.defaultAcceleratorConfiguration,
	org.eclipse.ui.contexts.window,,,system)

!ENTRY org.eclipse.egit.ui 2 0 2023-01-03 09:16:58.864
!MESSAGE Warning: The environment variable HOME is not set. The following directory will be used to store the Git
user global configuration and to define the default location to store repositories: 'C:\Users\Keyur'. If this is
not correct please set the HOME environment variable and restart Eclipse. Otherwise Git for Windows and
EGit might behave differently since they see different configuration options.
This warning can be switched off on the Team > Git > Confirmations and Warnings preference page.

!ENTRY org.eclipse.m2e.logback.appender 2 0 2023-01-03 09:18:55.269
!MESSAGE Using platform encoding (Cp1252 actually) to copy filtered resources, i.e. build is platform dependent!

!ENTRY org.eclipse.m2e.logback.appender 2 0 2023-01-03 09:18:55.302
!MESSAGE Using platform encoding (Cp1252 actually) to copy filtered resources, i.e. build is platform dependent!

!ENTRY org.eclipse.m2e.logback.appender 2 0 2023-01-03 09:19:07.382
!MESSAGE Using platform encoding (Cp1252 actually) to copy filtered resources, i.e. build is platform dependent!

!ENTRY org.eclipse.m2e.logback.appender 2 0 2023-01-03 09:19:07.400
!MESSAGE Using platform encoding (Cp1252 actually) to copy filtered resources, i.e. build is platform dependent!

!ENTRY org.testng.eclipse 4 4 2023-01-03 09:20:22.920
!MESSAGE Error
!STACK 0
java.util.concurrent.CancellationException
	at org.eclipse.jface.internal.text.codemining.CancellationExceptionMonitor.isCanceled(CancellationExceptionMonitor.java:33)
	at org.testng.eclipse.ui.codemining.TestCodeMiningProvider.processElements(TestCodeMiningProvider.java:80)
	at org.testng.eclipse.ui.codemining.TestCodeMiningProvider.processElements(TestCodeMiningProvider.java:89)
	at org.testng.eclipse.ui.codemining.TestCodeMiningProvider.mineForTests(TestCodeMiningProvider.java:67)
	at org.testng.eclipse.ui.codemining.TestCodeMiningProvider.lambda$0(TestCodeMiningProvider.java:40)
	at java.base/java.util.concurrent.CompletableFuture$AsyncSupply.run(CompletableFuture.java:1764)
	at java.base/java.util.concurrent.CompletableFuture$AsyncSupply.exec(CompletableFuture.java:1756)
	at java.base/java.util.concurrent.ForkJoinTask.doExec(ForkJoinTask.java:290)
	at java.base/java.util.concurrent.ForkJoinPool$WorkQueue.topLevelExec(ForkJoinPool.java:1016)
	at java.base/java.util.concurrent.ForkJoinPool.scan(ForkJoinPool.java:1665)
	at java.base/java.util.concurrent.ForkJoinPool.runWorker(ForkJoinPool.java:1598)
	at java.base/java.util.concurrent.ForkJoinWorkerThread.run(ForkJoinWorkerThread.java:183)

!ENTRY org.eclipse.m2e.logback.appender 2 0 2023-01-03 09:20:23.024
!MESSAGE Using platform encoding (Cp1252 actually) to copy filtered resources, i.e. build is platform dependent!

!ENTRY org.eclipse.m2e.logback.appender 2 0 2023-01-03 09:20:23.026
!MESSAGE Using platform encoding (Cp1252 actually) to copy filtered resources, i.e. build is platform dependent!

!ENTRY org.testng.eclipse 1 0 2023-01-03 09:20:28.903
!MESSAGE [TestNGLaunchConfigurationDelegate] Launching:
  Classpath: C:\Program Files\Eclipse\eclipse\eclipse\configuration\org.eclipse.osgi\443\0\.cp\lib\testng-remote.jar D:\Selenium_Workspace\FreeCRMTest_1\target\test-classes D:\Selenium_Workspace\FreeCRMTest_1\target\classes C:\Users\Keyur\.m2\repository\org\seleniumhq\selenium\selenium-java\3.14.0\selenium-java-3.14.0.jar C:\Users\Keyur\.m2\repository\org\seleniumhq\selenium\selenium-api\3.14.0\selenium-api-3.14.0.jar C:\Users\Keyur\.m2\repository\org\seleniumhq\selenium\selenium-chrome-driver\3.14.0\selenium-chrome-driver-3.14.0.jar C:\Users\Keyur\.m2\repository\org\seleniumhq\selenium\selenium-edge-driver\3.14.0\selenium-edge-driver-3.14.0.jar C:\Users\Keyur\.m2\repository\org\seleniumhq\selenium\selenium-firefox-driver\3.14.0\selenium-firefox-driver-3.14.0.jar C:\Users\Keyur\.m2\repository\org\seleniumhq\selenium\selenium-ie-driver\3.14.0\selenium-ie-driver-3.14.0.jar C:\Users\Keyur\.m2\repository\org\seleniumhq\selenium\selenium-opera-driver\3.14.0\selenium-opera-driver-3.14.0.jar C:\Users\Keyur\.m2\repository\org\seleniumhq\selenium\selenium-remote-driver\3.14.0\selenium-remote-driver-3.14.0.jar C:\Users\Keyur\.m2\repository\org\seleniumhq\selenium\selenium-safari-driver\3.14.0\selenium-safari-driver-3.14.0.jar C:\Users\Keyur\.m2\repository\org\seleniumhq\selenium\selenium-support\3.14.0\selenium-support-3.14.0.jar C:\Users\Keyur\.m2\repository\net\bytebuddy\byte-buddy\1.8.15\byte-buddy-1.8.15.jar C:\Users\Keyur\.m2\repository\org\apache\commons\commons-exec\1.3\commons-exec-1.3.jar C:\Users\Keyur\.m2\repository\commons-codec\commons-codec\1.10\commons-codec-1.10.jar C:\Users\Keyur\.m2\repository\commons-logging\commons-logging\1.2\commons-logging-1.2.jar C:\Users\Keyur\.m2\repository\com\google\guava\guava\25.0-jre\guava-25.0-jre.jar C:\Users\Keyur\.m2\repository\org\checkerframework\checker-compat-qual\2.0.0\checker-compat-qual-2.0.0.jar C:\Users\Keyur\.m2\repository\com\google\errorprone\error_prone_annotations\2.1.3\error_prone_annotations-2.1.3.jar C:\Users\Keyur\.m2\repository\com\google\j2objc\j2objc-annotations\1.1\j2objc-annotations-1.1.jar C:\Users\Keyur\.m2\repository\org\codehaus\mojo\animal-sniffer-annotations\1.14\animal-sniffer-annotations-1.14.jar C:\Users\Keyur\.m2\repository\org\apache\httpcomponents\httpclient\4.5.5\httpclient-4.5.5.jar C:\Users\Keyur\.m2\repository\org\apache\httpcomponents\httpcore\4.4.9\httpcore-4.4.9.jar C:\Users\Keyur\.m2\repository\com\squareup\okhttp3\okhttp\3.10.0\okhttp-3.10.0.jar C:\Users\Keyur\.m2\repository\com\squareup\okio\okio\1.14.1\okio-1.14.1.jar C:\Users\Keyur\.m2\repository\org\testng\testng\7.6.1\testng-7.6.1.jar C:\Users\Keyur\.m2\repository\com\google\code\findbugs\jsr305\3.0.2\jsr305-3.0.2.jar C:\Users\Keyur\.m2\repository\org\slf4j\slf4j-api\1.7.36\slf4j-api-1.7.36.jar C:\Users\Keyur\.m2\repository\com\beust\jcommander\1.82\jcommander-1.82.jar C:\Users\Keyur\.m2\repository\org\webjars\jquery\3.6.0\jquery-3.6.0.jar C:\Users\Keyur\.m2\repository\org\apache\poi\poi\3.9\poi-3.9.jar C:\Users\Keyur\.m2\repository\org\apache\poi\poi-ooxml\3.9\poi-ooxml-3.9.jar C:\Users\Keyur\.m2\repository\dom4j\dom4j\1.6.1\dom4j-1.6.1.jar C:\Users\Keyur\.m2\repository\xml-apis\xml-apis\1.0.b2\xml-apis-1.0.b2.jar C:\Users\Keyur\.m2\repository\org\apache\poi\poi-ooxml-schemas\3.9\poi-ooxml-schemas-3.9.jar C:\Users\Keyur\.m2\repository\org\apache\xmlbeans\xmlbeans\2.3.0\xmlbeans-2.3.0.jar C:\Users\Keyur\.m2\repository\stax\stax-api\1.0.1\stax-api-1.0.1.jar C:\Users\Keyur\.m2\repository\org\apache\poi\poi-scratchpad\3.9\poi-scratchpad-3.9.jar C:\Users\Keyur\.m2\repository\org\apache\poi\ooxml-schemas\1.1\ooxml-schemas-1.1.jar C:\Users\Keyur\.m2\repository\org\apache\poi\openxml4j\1.0-beta\openxml4j-1.0-beta.jar C:\Users\Keyur\.m2\repository\log4j\log4j\1.2.8\log4j-1.2.8.jar C:\Users\Keyur\.m2\repository\org\slf4j\slf4j-simple\1.7.12\slf4j-simple-1.7.12.jar C:\Users\Keyur\.m2\repository\com\google\inject\guice\4.2.3\guice-4.2.3.jar C:\Users\Keyur\.m2\repository\javax\inject\javax.inject\1\javax.inject-1.jar C:\Users\Keyur\.m2\repository\aopalliance\aopalliance\1.0\aopalliance-1.0.jar C:\Users\Keyur\.m2\repository\com\relevantcodes\extentreports\2.41.2\extentreports-2.41.2.jar C:\Users\Keyur\.m2\repository\org\jsoup\jsoup\1.8.3\jsoup-1.8.3.jar C:\Users\Keyur\.m2\repository\org\xerial\sqlite-jdbc\3.8.11.1\sqlite-jdbc-3.8.11.1.jar C:\Users\Keyur\.m2\repository\org\freemarker\freemarker\2.3.23\freemarker-2.3.23.jar C:\Users\Keyur\.m2\repository\org\mongodb\mongodb-driver\3.0.4\mongodb-driver-3.0.4.jar C:\Users\Keyur\.m2\repository\org\mongodb\bson\3.0.4\bson-3.0.4.jar C:\Users\Keyur\.m2\repository\org\mongodb\mongodb-driver-core\3.0.4\mongodb-driver-core-3.0.4.jar C:\Users\Keyur\.m2\repository\commons-io\commons-io\2.6\commons-io-2.6.jar
  VMArgs:    -ea
  Class:     org.testng.remote.RemoteTestNG
  Args:      -serport 50046 -protocol json -d D:\Selenium_Workspace\FreeCRMTest_1\test-output C:\Users\Keyur\AppData\Local\Temp\testng-eclipse--1732473253\testng-customsuite.xml
java -ea -classpath C:\Program Files\Eclipse\eclipse\eclipse\configuration\org.eclipse.osgi\443\0\.cp\lib\testng-remote.jar:D:\Selenium_Workspace\FreeCRMTest_1\target\test-classes:D:\Selenium_Workspace\FreeCRMTest_1\target\classes:C:\Users\Keyur\.m2\repository\org\seleniumhq\selenium\selenium-java\3.14.0\selenium-java-3.14.0.jar:C:\Users\Keyur\.m2\repository\org\seleniumhq\selenium\selenium-api\3.14.0\selenium-api-3.14.0.jar:C:\Users\Keyur\.m2\repository\org\seleniumhq\selenium\selenium-chrome-driver\3.14.0\selenium-chrome-driver-3.14.0.jar:C:\Users\Keyur\.m2\repository\org\seleniumhq\selenium\selenium-edge-driver\3.14.0\selenium-edge-driver-3.14.0.jar:C:\Users\Keyur\.m2\repository\org\seleniumhq\selenium\selenium-firefox-driver\3.14.0\selenium-firefox-driver-3.14.0.jar:C:\Users\Keyur\.m2\repository\org\seleniumhq\selenium\selenium-ie-driver\3.14.0\selenium-ie-driver-3.14.0.jar:C:\Users\Keyur\.m2\repository\org\seleniumhq\selenium\selenium-opera-driver\3.14.0\selenium-opera-driver-3.14.0.jar:C:\Users\Keyur\.m2\repository\org\seleniumhq\selenium\selenium-remote-driver\3.14.0\selenium-remote-driver-3.14.0.jar:C:\Users\Keyur\.m2\repository\org\seleniumhq\selenium\selenium-safari-driver\3.14.0\selenium-safari-driver-3.14.0.jar:C:\Users\Keyur\.m2\repository\org\seleniumhq\selenium\selenium-support\3.14.0\selenium-support-3.14.0.jar:C:\Users\Keyur\.m2\repository\net\bytebuddy\byte-buddy\1.8.15\byte-buddy-1.8.15.jar:C:\Users\Keyur\.m2\repository\org\apache\commons\commons-exec\1.3\commons-exec-1.3.jar:C:\Users\Keyur\.m2\repository\commons-codec\commons-codec\1.10\commons-codec-1.10.jar:C:\Users\Keyur\.m2\repository\commons-logging\commons-logging\1.2\commons-logging-1.2.jar:C:\Users\Keyur\.m2\repository\com\google\guava\guava\25.0-jre\guava-25.0-jre.jar:C:\Users\Keyur\.m2\repository\org\checkerframework\checker-compat-qual\2.0.0\checker-compat-qual-2.0.0.jar:C:\Users\Keyur\.m2\repository\com\google\errorprone\error_prone_annotations\2.1.3\error_prone_annotations-2.1.3.jar:C:\Users\Keyur\.m2\repository\com\google\j2objc\j2objc-annotations\1.1\j2objc-annotations-1.1.jar:C:\Users\Keyur\.m2\repository\org\codehaus\mojo\animal-sniffer-annotations\1.14\animal-sniffer-annotations-1.14.jar:C:\Users\Keyur\.m2\repository\org\apache\httpcomponents\httpclient\4.5.5\httpclient-4.5.5.jar:C:\Users\Keyur\.m2\repository\org\apache\httpcomponents\httpcore\4.4.9\httpcore-4.4.9.jar:C:\Users\Keyur\.m2\repository\com\squareup\okhttp3\okhttp\3.10.0\okhttp-3.10.0.jar:C:\Users\Keyur\.m2\repository\com\squareup\okio\okio\1.14.1\okio-1.14.1.jar:C:\Users\Keyur\.m2\repository\org\testng\testng\7.6.1\testng-7.6.1.jar:C:\Users\Keyur\.m2\repository\com\google\code\findbugs\jsr305\3.0.2\jsr305-3.0.2.jar:C:\Users\Keyur\.m2\repository\org\slf4j\slf4j-api\1.7.36\slf4j-api-1.7.36.jar:C:\Users\Keyur\.m2\repository\com\beust\jcommander\1.82\jcommander-1.82.jar:C:\Users\Keyur\.m2\repository\org\webjars\jquery\3.6.0\jquery-3.6.0.jar:C:\Users\Keyur\.m2\repository\org\apache\poi\poi\3.9\poi-3.9.jar:C:\Users\Keyur\.m2\repository\org\apache\poi\poi-ooxml\3.9\poi-ooxml-3.9.jar:C:\Users\Keyur\.m2\repository\dom4j\dom4j\1.6.1\dom4j-1.6.1.jar:C:\Users\Keyur\.m2\repository\xml-apis\xml-apis\1.0.b2\xml-apis-1.0.b2.jar:C:\Users\Keyur\.m2\repository\org\apache\poi\poi-ooxml-schemas\3.9\poi-ooxml-schemas-3.9.jar:C:\Users\Keyur\.m2\repository\org\apache\xmlbeans\xmlbeans\2.3.0\xmlbeans-2.3.0.jar:C:\Users\Keyur\.m2\repository\stax\stax-api\1.0.1\stax-api-1.0.1.jar:C:\Users\Keyur\.m2\repository\org\apache\poi\poi-scratchpad\3.9\poi-scratchpad-3.9.jar:C:\Users\Keyur\.m2\repository\org\apache\poi\ooxml-schemas\1.1\ooxml-schemas-1.1.jar:C:\Users\Keyur\.m2\repository\org\apache\poi\openxml4j\1.0-beta\openxml4j-1.0-beta.jar:C:\Users\Keyur\.m2\repository\log4j\log4j\1.2.8\log4j-1.2.8.jar:C:\Users\Keyur\.m2\repository\org\slf4j\slf4j-simple\1.7.12\slf4j-simple-1.7.12.jar:C:\Users\Keyur\.m2\repository\com\google\inject\guice\4.2.3\guice-4.2.3.jar:C:\Users\Keyur\.m2\repository\javax\inject\javax.inject\1\javax.inject-1.jar:C:\Users\Keyur\.m2\repository\aopalliance\aopalliance\1.0\aopalliance-1.0.jar:C:\Users\Keyur\.m2\repository\com\relevantcodes\extentreports\2.41.2\extentreports-2.41.2.jar:C:\Users\Keyur\.m2\repository\org\jsoup\jsoup\1.8.3\jsoup-1.8.3.jar:C:\Users\Keyur\.m2\repository\org\xerial\sqlite-jdbc\3.8.11.1\sqlite-jdbc-3.8.11.1.jar:C:\Users\Keyur\.m2\repository\org\freemarker\freemarker\2.3.23\freemarker-2.3.23.jar:C:\Users\Keyur\.m2\repository\org\mongodb\mongodb-driver\3.0.4\mongodb-driver-3.0.4.jar:C:\Users\Keyur\.m2\repository\org\mongodb\bson\3.0.4\bson-3.0.4.jar:C:\Users\Keyur\.m2\repository\org\mongodb\mongodb-driver-core\3.0.4\mongodb-driver-core-3.0.4.jar:C:\Users\Keyur\.m2\repository\commons-io\commons-io\2.6\commons-io-2.6.jar org.testng.remote.RemoteTestNG -serport 50046 -protocol json -d D:\Selenium_Workspace\FreeCRMTest_1\test-output C:\Users\Keyur\AppData\Local\Temp\testng-eclipse--1732473253\testng-customsuite.xml

!ENTRY org.testng.eclipse 4 4 2023-01-03 09:26:12.000
!MESSAGE Error
!STACK 1
Java Model Exception: Java Model Status [main/java/pages [in src] is not on its project's build path]
	at org.eclipse.jdt.internal.core.PackageFragmentRoot.getResolvedClasspathEntry(PackageFragmentRoot.java:630)
	at org.testng.eclipse.ui.codemining.TestCodeMiningProvider.mineForTests(TestCodeMiningProvider.java:60)
	at org.testng.eclipse.ui.codemining.TestCodeMiningProvider.lambda$0(TestCodeMiningProvider.java:40)
	at java.base/java.util.concurrent.CompletableFuture$AsyncSupply.run(CompletableFuture.java:1764)
	at java.base/java.util.concurrent.CompletableFuture$AsyncSupply.exec(CompletableFuture.java:1756)
	at java.base/java.util.concurrent.ForkJoinTask.doExec(ForkJoinTask.java:290)
	at java.base/java.util.concurrent.ForkJoinPool$WorkQueue.topLevelExec(ForkJoinPool.java:1016)
	at java.base/java.util.concurrent.ForkJoinPool.scan(ForkJoinPool.java:1665)
	at java.base/java.util.concurrent.ForkJoinPool.runWorker(ForkJoinPool.java:1598)
	at java.base/java.util.concurrent.ForkJoinWorkerThread.run(ForkJoinWorkerThread.java:183)
!SUBENTRY 1 org.eclipse.jdt.core 4 1006 2023-01-03 09:26:12.000
!MESSAGE main/java/pages [in src] is not on its project's build path

!ENTRY org.testng.eclipse 4 4 2023-01-03 09:26:12.102
!MESSAGE Error
!STACK 1
Java Model Exception: Java Model Status [main/java/pages [in src] is not on its project's build path]
	at org.eclipse.jdt.internal.core.PackageFragmentRoot.getResolvedClasspathEntry(PackageFragmentRoot.java:630)
	at org.testng.eclipse.ui.codemining.TestCodeMiningProvider.mineForTests(TestCodeMiningProvider.java:60)
	at org.testng.eclipse.ui.codemining.TestCodeMiningProvider.lambda$0(TestCodeMiningProvider.java:40)
	at java.base/java.util.concurrent.CompletableFuture$AsyncSupply.run(CompletableFuture.java:1764)
	at java.base/java.util.concurrent.CompletableFuture$AsyncSupply.exec(CompletableFuture.java:1756)
	at java.base/java.util.concurrent.ForkJoinTask.doExec(ForkJoinTask.java:290)
	at java.base/java.util.concurrent.ForkJoinPool$WorkQueue.topLevelExec(ForkJoinPool.java:1016)
	at java.base/java.util.concurrent.ForkJoinPool.scan(ForkJoinPool.java:1665)
	at java.base/java.util.concurrent.ForkJoinPool.runWorker(ForkJoinPool.java:1598)
	at java.base/java.util.concurrent.ForkJoinWorkerThread.run(ForkJoinWorkerThread.java:183)
!SUBENTRY 1 org.eclipse.jdt.core 4 1006 2023-01-03 09:26:12.102
!MESSAGE main/java/pages [in src] is not on its project's build path

!ENTRY org.testng.eclipse 4 4 2023-01-03 09:26:12.894
!MESSAGE Error
!STACK 1
Java Model Exception: Java Model Status [main/java/pages [in src] is not on its project's build path]
	at org.eclipse.jdt.internal.core.PackageFragmentRoot.getResolvedClasspathEntry(PackageFragmentRoot.java:630)
	at org.testng.eclipse.ui.codemining.TestCodeMiningProvider.mineForTests(TestCodeMiningProvider.java:60)
	at org.testng.eclipse.ui.codemining.TestCodeMiningProvider.lambda$0(TestCodeMiningProvider.java:40)
	at java.base/java.util.concurrent.CompletableFuture$AsyncSupply.run(CompletableFuture.java:1764)
	at java.base/java.util.concurrent.CompletableFuture$AsyncSupply.exec(CompletableFuture.java:1756)
	at java.base/java.util.concurrent.ForkJoinTask.doExec(ForkJoinTask.java:290)
	at java.base/java.util.concurrent.ForkJoinPool$WorkQueue.topLevelExec(ForkJoinPool.java:1016)
	at java.base/java.util.concurrent.ForkJoinPool.scan(ForkJoinPool.java:1665)
	at java.base/java.util.concurrent.ForkJoinPool.runWorker(ForkJoinPool.java:1598)
	at java.base/java.util.concurrent.ForkJoinWorkerThread.run(ForkJoinWorkerThread.java:183)
!SUBENTRY 1 org.eclipse.jdt.core 4 1006 2023-01-03 09:26:12.894
!MESSAGE main/java/pages [in src] is not on its project's build path

!ENTRY org.testng.eclipse 4 4 2023-01-03 09:26:27.631
!MESSAGE Error
!STACK 1
Java Model Exception: Java Model Status [test/java/runners [in src] is not on its project's build path]
	at org.eclipse.jdt.internal.core.PackageFragmentRoot.getResolvedClasspathEntry(PackageFragmentRoot.java:630)
	at org.testng.eclipse.ui.codemining.TestCodeMiningProvider.mineForTests(TestCodeMiningProvider.java:60)
	at org.testng.eclipse.ui.codemining.TestCodeMiningProvider.lambda$0(TestCodeMiningProvider.java:40)
	at java.base/java.util.concurrent.CompletableFuture$AsyncSupply.run(CompletableFuture.java:1764)
	at java.base/java.util.concurrent.CompletableFuture$AsyncSupply.exec(CompletableFuture.java:1756)
	at java.base/java.util.concurrent.ForkJoinTask.doExec(ForkJoinTask.java:290)
	at java.base/java.util.concurrent.ForkJoinPool$WorkQueue.topLevelExec(ForkJoinPool.java:1016)
	at java.base/java.util.concurrent.ForkJoinPool.scan(ForkJoinPool.java:1665)
	at java.base/java.util.concurrent.ForkJoinPool.runWorker(ForkJoinPool.java:1598)
	at java.base/java.util.concurrent.ForkJoinWorkerThread.run(ForkJoinWorkerThread.java:183)
!SUBENTRY 1 org.eclipse.jdt.core 4 1006 2023-01-03 09:26:27.631
!MESSAGE test/java/runners [in src] is not on its project's build path

!ENTRY org.testng.eclipse 4 4 2023-01-03 09:26:27.635
!MESSAGE Error
!STACK 1
Java Model Exception: Java Model Status [test/java/runners [in src] is not on its project's build path]
	at org.eclipse.jdt.internal.core.PackageFragmentRoot.getResolvedClasspathEntry(PackageFragmentRoot.java:630)
	at org.testng.eclipse.ui.codemining.TestCodeMiningProvider.mineForTests(TestCodeMiningProvider.java:60)
	at org.testng.eclipse.ui.codemining.TestCodeMiningProvider.lambda$0(TestCodeMiningProvider.java:40)
	at java.base/java.util.concurrent.CompletableFuture$AsyncSupply.run(CompletableFuture.java:1764)
	at java.base/java.util.concurrent.CompletableFuture$AsyncSupply.exec(CompletableFuture.java:1756)
	at java.base/java.util.concurrent.ForkJoinTask.doExec(ForkJoinTask.java:290)
	at java.base/java.util.concurrent.ForkJoinPool$WorkQueue.topLevelExec(ForkJoinPool.java:1016)
	at java.base/java.util.concurrent.ForkJoinPool.scan(ForkJoinPool.java:1665)
	at java.base/java.util.concurrent.ForkJoinPool.runWorker(ForkJoinPool.java:1598)
	at java.base/java.util.concurrent.ForkJoinWorkerThread.run(ForkJoinWorkerThread.java:183)
!SUBENTRY 1 org.eclipse.jdt.core 4 1006 2023-01-03 09:26:27.635
!MESSAGE test/java/runners [in src] is not on its project's build path

!ENTRY org.testng.eclipse 4 4 2023-01-03 09:26:28.320
!MESSAGE Error
!STACK 1
Java Model Exception: Java Model Status [test/java/runners [in src] is not on its project's build path]
	at org.eclipse.jdt.internal.core.PackageFragmentRoot.getResolvedClasspathEntry(PackageFragmentRoot.java:630)
	at org.testng.eclipse.ui.codemining.TestCodeMiningProvider.mineForTests(TestCodeMiningProvider.java:60)
	at org.testng.eclipse.ui.codemining.TestCodeMiningProvider.lambda$0(TestCodeMiningProvider.java:40)
	at java.base/java.util.concurrent.CompletableFuture$AsyncSupply.run(CompletableFuture.java:1764)
	at java.base/java.util.concurrent.CompletableFuture$AsyncSupply.exec(CompletableFuture.java:1756)
	at java.base/java.util.concurrent.ForkJoinTask.doExec(ForkJoinTask.java:290)
	at java.base/java.util.concurrent.ForkJoinPool$WorkQueue.topLevelExec(ForkJoinPool.java:1016)
	at java.base/java.util.concurrent.ForkJoinPool.scan(ForkJoinPool.java:1665)
	at java.base/java.util.concurrent.ForkJoinPool.runWorker(ForkJoinPool.java:1598)
	at java.base/java.util.concurrent.ForkJoinWorkerThread.run(ForkJoinWorkerThread.java:183)
!SUBENTRY 1 org.eclipse.jdt.core 4 1006 2023-01-03 09:26:28.320
!MESSAGE test/java/runners [in src] is not on its project's build path

!ENTRY org.eclipse.jface 2 0 2023-01-03 09:26:33.859
!MESSAGE Keybinding conflicts occurred.  They may interfere with normal accelerator operation.
!SUBENTRY 1 org.eclipse.jface 2 0 2023-01-03 09:26:33.859
!MESSAGE A conflict occurred for CTRL+SHIFT+F:
Binding(CTRL+SHIFT+F,
	ParameterizedCommand(Command(org.eclipse.lsp4e.format,Format,
		,
		Category(org.eclipse.lsp4e.category,Language Servers,null,true),
		org.eclipse.ui.internal.WorkbenchHandlerServiceHandler@684ad81c,
		,,true),null),
	org.eclipse.ui.defaultAcceleratorConfiguration,
	org.eclipse.ui.textEditorScope,,,system)
Binding(CTRL+SHIFT+F,
	ParameterizedCommand(Command(cucumber.eclipse.editor.formmater.pretty_formatter,Pretty format feature file,
		Format,
		Category(cucumber.eclipse.editor.formmtter,Formatter,null,true),
		org.eclipse.ui.internal.WorkbenchHandlerServiceHandler@4f3551c1,
		,,true),null),
	org.eclipse.ui.defaultAcceleratorConfiguration,
	cucumber.eclipse.editor.featureEditorScope,,,system)

!ENTRY org.testng.eclipse 4 4 2023-01-03 09:26:40.415
!MESSAGE Error
!STACK 1
Java Model Exception: Java Model Status [test/java/stepDefinations [in src] is not on its project's build path]
	at org.eclipse.jdt.internal.core.PackageFragmentRoot.getResolvedClasspathEntry(PackageFragmentRoot.java:630)
	at org.testng.eclipse.ui.codemining.TestCodeMiningProvider.mineForTests(TestCodeMiningProvider.java:60)
	at org.testng.eclipse.ui.codemining.TestCodeMiningProvider.lambda$0(TestCodeMiningProvider.java:40)
	at java.base/java.util.concurrent.CompletableFuture$AsyncSupply.run(CompletableFuture.java:1764)
	at java.base/java.util.concurrent.CompletableFuture$AsyncSupply.exec(CompletableFuture.java:1756)
	at java.base/java.util.concurrent.ForkJoinTask.doExec(ForkJoinTask.java:290)
	at java.base/java.util.concurrent.ForkJoinPool$WorkQueue.topLevelExec(ForkJoinPool.java:1016)
	at java.base/java.util.concurrent.ForkJoinPool.scan(ForkJoinPool.java:1665)
	at java.base/java.util.concurrent.ForkJoinPool.runWorker(ForkJoinPool.java:1598)
	at java.base/java.util.concurrent.ForkJoinWorkerThread.run(ForkJoinWorkerThread.java:183)
!SUBENTRY 1 org.eclipse.jdt.core 4 1006 2023-01-03 09:26:40.415
!MESSAGE test/java/stepDefinations [in src] is not on its project's build path

!ENTRY org.testng.eclipse 4 4 2023-01-03 09:26:40.418
!MESSAGE Error
!STACK 1
Java Model Exception: Java Model Status [test/java/stepDefinations [in src] is not on its project's build path]
	at org.eclipse.jdt.internal.core.PackageFragmentRoot.getResolvedClasspathEntry(PackageFragmentRoot.java:630)
	at org.testng.eclipse.ui.codemining.TestCodeMiningProvider.mineForTests(TestCodeMiningProvider.java:60)
	at org.testng.eclipse.ui.codemining.TestCodeMiningProvider.lambda$0(TestCodeMiningProvider.java:40)
	at java.base/java.util.concurrent.CompletableFuture$AsyncSupply.run(CompletableFuture.java:1764)
	at java.base/java.util.concurrent.CompletableFuture$AsyncSupply.exec(CompletableFuture.java:1756)
	at java.base/java.util.concurrent.ForkJoinTask.doExec(ForkJoinTask.java:290)
	at java.base/java.util.concurrent.ForkJoinPool$WorkQueue.topLevelExec(ForkJoinPool.java:1016)
	at java.base/java.util.concurrent.ForkJoinPool.scan(ForkJoinPool.java:1665)
	at java.base/java.util.concurrent.ForkJoinPool.runWorker(ForkJoinPool.java:1598)
	at java.base/java.util.concurrent.ForkJoinWorkerThread.run(ForkJoinWorkerThread.java:183)
!SUBENTRY 1 org.eclipse.jdt.core 4 1006 2023-01-03 09:26:40.418
!MESSAGE test/java/stepDefinations [in src] is not on its project's build path

!ENTRY org.testng.eclipse 4 4 2023-01-03 09:26:40.944
!MESSAGE Error
!STACK 1
Java Model Exception: Java Model Status [test/java/stepDefinations [in src] is not on its project's build path]
	at org.eclipse.jdt.internal.core.PackageFragmentRoot.getResolvedClasspathEntry(PackageFragmentRoot.java:630)
	at org.testng.eclipse.ui.codemining.TestCodeMiningProvider.mineForTests(TestCodeMiningProvider.java:60)
	at org.testng.eclipse.ui.codemining.TestCodeMiningProvider.lambda$0(TestCodeMiningProvider.java:40)
	at java.base/java.util.concurrent.CompletableFuture$AsyncSupply.run(CompletableFuture.java:1764)
	at java.base/java.util.concurrent.CompletableFuture$AsyncSupply.exec(CompletableFuture.java:1756)
	at java.base/java.util.concurrent.ForkJoinTask.doExec(ForkJoinTask.java:290)
	at java.base/java.util.concurrent.ForkJoinPool$WorkQueue.topLevelExec(ForkJoinPool.java:1016)
	at java.base/java.util.concurrent.ForkJoinPool.scan(ForkJoinPool.java:1665)
	at java.base/java.util.concurrent.ForkJoinPool.runWorker(ForkJoinPool.java:1598)
	at java.base/java.util.concurrent.ForkJoinWorkerThread.run(ForkJoinWorkerThread.java:183)
!SUBENTRY 1 org.eclipse.jdt.core 4 1006 2023-01-03 09:26:40.944
!MESSAGE test/java/stepDefinations [in src] is not on its project's build path
!SESSION 2023-01-03 09:27:45.857 -----------------------------------------------
eclipse.buildId=4.18.0.I20201202-1800
java.version=15.0.1
java.vendor=Oracle Corporation
BootLoader constants: OS=win32, ARCH=x86_64, WS=win32, NL=en_US
Framework arguments:  -product org.eclipse.epp.package.java.product
Command-line arguments:  -os win32 -ws win32 -arch x86_64 -product org.eclipse.epp.package.java.product

!ENTRY org.eclipse.jface 2 0 2023-01-03 09:27:58.615
!MESSAGE Keybinding conflicts occurred.  They may interfere with normal accelerator operation.
!SUBENTRY 1 org.eclipse.jface 2 0 2023-01-03 09:27:58.615
!MESSAGE A conflict occurred for CTRL+SHIFT+T:
Binding(CTRL+SHIFT+T,
	ParameterizedCommand(Command(org.eclipse.jdt.ui.navigate.open.type,Open Type,
		Open a type in a Java editor,
		Category(org.eclipse.ui.category.navigate,Navigate,null,true),
		org.eclipse.ui.internal.WorkbenchHandlerServiceHandler@49f50c8f,
		,,true),null),
	org.eclipse.ui.defaultAcceleratorConfiguration,
	org.eclipse.ui.contexts.window,,,system)
Binding(CTRL+SHIFT+T,
	ParameterizedCommand(Command(org.eclipse.lsp4e.symbolinworkspace,Go to Symbol in Workspace,
		,
		Category(org.eclipse.lsp4e.category,Language Servers,null,true),
		org.eclipse.ui.internal.WorkbenchHandlerServiceHandler@46e6458d,
		,,true),null),
	org.eclipse.ui.defaultAcceleratorConfiguration,
	org.eclipse.ui.contexts.window,,,system)

!ENTRY org.testng.eclipse 4 4 2023-01-03 09:28:15.405
!MESSAGE Error
!STACK 1
Java Model Exception: Java Model Status [test/java/stepDefinations [in src] is not on its project's build path]
	at org.eclipse.jdt.internal.core.PackageFragmentRoot.getResolvedClasspathEntry(PackageFragmentRoot.java:630)
	at org.testng.eclipse.ui.codemining.TestCodeMiningProvider.mineForTests(TestCodeMiningProvider.java:60)
	at org.testng.eclipse.ui.codemining.TestCodeMiningProvider.lambda$0(TestCodeMiningProvider.java:40)
	at java.base/java.util.concurrent.CompletableFuture$AsyncSupply.run(CompletableFuture.java:1764)
	at java.base/java.util.concurrent.CompletableFuture$AsyncSupply.exec(CompletableFuture.java:1756)
	at java.base/java.util.concurrent.ForkJoinTask.doExec(ForkJoinTask.java:290)
	at java.base/java.util.concurrent.ForkJoinPool$WorkQueue.topLevelExec(ForkJoinPool.java:1016)
	at java.base/java.util.concurrent.ForkJoinPool.scan(ForkJoinPool.java:1665)
	at java.base/java.util.concurrent.ForkJoinPool.runWorker(ForkJoinPool.java:1598)
	at java.base/java.util.concurrent.ForkJoinWorkerThread.run(ForkJoinWorkerThread.java:183)
!SUBENTRY 1 org.eclipse.jdt.core 4 1006 2023-01-03 09:28:15.406
!MESSAGE test/java/stepDefinations [in src] is not on its project's build path

!ENTRY org.testng.eclipse 4 4 2023-01-03 09:28:15.549
!MESSAGE Error
!STACK 1
Java Model Exception: Java Model Status [test/java/stepDefinations [in src] is not on its project's build path]
	at org.eclipse.jdt.internal.core.PackageFragmentRoot.getResolvedClasspathEntry(PackageFragmentRoot.java:630)
	at org.testng.eclipse.ui.codemining.TestCodeMiningProvider.mineForTests(TestCodeMiningProvider.java:60)
	at org.testng.eclipse.ui.codemining.TestCodeMiningProvider.lambda$0(TestCodeMiningProvider.java:40)
	at java.base/java.util.concurrent.CompletableFuture$AsyncSupply.run(CompletableFuture.java:1764)
	at java.base/java.util.concurrent.CompletableFuture$AsyncSupply.exec(CompletableFuture.java:1756)
	at java.base/java.util.concurrent.ForkJoinTask.doExec(ForkJoinTask.java:290)
	at java.base/java.util.concurrent.ForkJoinPool$WorkQueue.topLevelExec(ForkJoinPool.java:1016)
	at java.base/java.util.concurrent.ForkJoinPool.scan(ForkJoinPool.java:1665)
	at java.base/java.util.concurrent.ForkJoinPool.runWorker(ForkJoinPool.java:1598)
	at java.base/java.util.concurrent.ForkJoinWorkerThread.run(ForkJoinWorkerThread.java:183)
!SUBENTRY 1 org.eclipse.jdt.core 4 1006 2023-01-03 09:28:15.549
!MESSAGE test/java/stepDefinations [in src] is not on its project's build path

!ENTRY org.eclipse.egit.ui 2 0 2023-01-03 09:28:19.517
!MESSAGE Warning: The environment variable HOME is not set. The following directory will be used to store the Git
user global configuration and to define the default location to store repositories: 'C:\Users\Keyur'. If this is
not correct please set the HOME environment variable and restart Eclipse. Otherwise Git for Windows and
EGit might behave differently since they see different configuration options.
This warning can be switched off on the Team > Git > Confirmations and Warnings preference page.

!ENTRY org.testng.eclipse 4 4 2023-01-03 09:28:20.084
!MESSAGE Error
!STACK 1
Java Model Exception: Java Model Status [test/java/stepDefinations [in src] is not on its project's build path]
	at org.eclipse.jdt.internal.core.PackageFragmentRoot.getResolvedClasspathEntry(PackageFragmentRoot.java:630)
	at org.testng.eclipse.ui.codemining.TestCodeMiningProvider.mineForTests(TestCodeMiningProvider.java:60)
	at org.testng.eclipse.ui.codemining.TestCodeMiningProvider.lambda$0(TestCodeMiningProvider.java:40)
	at java.base/java.util.concurrent.CompletableFuture$AsyncSupply.run(CompletableFuture.java:1764)
	at java.base/java.util.concurrent.CompletableFuture$AsyncSupply.exec(CompletableFuture.java:1756)
	at java.base/java.util.concurrent.ForkJoinTask.doExec(ForkJoinTask.java:290)
	at java.base/java.util.concurrent.ForkJoinPool$WorkQueue.topLevelExec(ForkJoinPool.java:1016)
	at java.base/java.util.concurrent.ForkJoinPool.scan(ForkJoinPool.java:1665)
	at java.base/java.util.concurrent.ForkJoinPool.runWorker(ForkJoinPool.java:1598)
	at java.base/java.util.concurrent.ForkJoinWorkerThread.run(ForkJoinWorkerThread.java:183)
!SUBENTRY 1 org.eclipse.jdt.core 4 1006 2023-01-03 09:28:20.084
!MESSAGE test/java/stepDefinations [in src] is not on its project's build path
!SESSION 2023-01-03 09:29:17.883 -----------------------------------------------
eclipse.buildId=4.18.0.I20201202-1800
java.version=15.0.1
java.vendor=Oracle Corporation
BootLoader constants: OS=win32, ARCH=x86_64, WS=win32, NL=en_US
Framework arguments:  -product org.eclipse.epp.package.java.product
Command-line arguments:  -os win32 -ws win32 -arch x86_64 -product org.eclipse.epp.package.java.product

!ENTRY org.eclipse.jface 2 0 2023-01-03 09:29:20.516
!MESSAGE Keybinding conflicts occurred.  They may interfere with normal accelerator operation.
!SUBENTRY 1 org.eclipse.jface 2 0 2023-01-03 09:29:20.516
!MESSAGE A conflict occurred for CTRL+SHIFT+T:
Binding(CTRL+SHIFT+T,
	ParameterizedCommand(Command(org.eclipse.jdt.ui.navigate.open.type,Open Type,
		Open a type in a Java editor,
		Category(org.eclipse.ui.category.navigate,Navigate,null,true),
		org.eclipse.ui.internal.WorkbenchHandlerServiceHandler@76ed7573,
		,,true),null),
	org.eclipse.ui.defaultAcceleratorConfiguration,
	org.eclipse.ui.contexts.window,,,system)
Binding(CTRL+SHIFT+T,
	ParameterizedCommand(Command(org.eclipse.lsp4e.symbolinworkspace,Go to Symbol in Workspace,
		,
		Category(org.eclipse.lsp4e.category,Language Servers,null,true),
		org.eclipse.ui.internal.WorkbenchHandlerServiceHandler@51df2a41,
		,,true),null),
	org.eclipse.ui.defaultAcceleratorConfiguration,
	org.eclipse.ui.contexts.window,,,system)

!ENTRY org.testng.eclipse 4 4 2023-01-03 09:29:23.750
!MESSAGE Error
!STACK 1
Java Model Exception: Java Model Status [test/java/stepDefinations [in src] is not on its project's build path]
	at org.eclipse.jdt.internal.core.PackageFragmentRoot.getResolvedClasspathEntry(PackageFragmentRoot.java:630)
	at org.testng.eclipse.ui.codemining.TestCodeMiningProvider.mineForTests(TestCodeMiningProvider.java:60)
	at org.testng.eclipse.ui.codemining.TestCodeMiningProvider.lambda$0(TestCodeMiningProvider.java:40)
	at java.base/java.util.concurrent.CompletableFuture$AsyncSupply.run(CompletableFuture.java:1764)
	at java.base/java.util.concurrent.CompletableFuture$AsyncSupply.exec(CompletableFuture.java:1756)
	at java.base/java.util.concurrent.ForkJoinTask.doExec(ForkJoinTask.java:290)
	at java.base/java.util.concurrent.ForkJoinPool$WorkQueue.topLevelExec(ForkJoinPool.java:1016)
	at java.base/java.util.concurrent.ForkJoinPool.scan(ForkJoinPool.java:1665)
	at java.base/java.util.concurrent.ForkJoinPool.runWorker(ForkJoinPool.java:1598)
	at java.base/java.util.concurrent.ForkJoinWorkerThread.run(ForkJoinWorkerThread.java:183)
!SUBENTRY 1 org.eclipse.jdt.core 4 1006 2023-01-03 09:29:23.751
!MESSAGE test/java/stepDefinations [in src] is not on its project's build path

!ENTRY org.testng.eclipse 4 4 2023-01-03 09:29:23.794
!MESSAGE Error
!STACK 1
Java Model Exception: Java Model Status [test/java/stepDefinations [in src] is not on its project's build path]
	at org.eclipse.jdt.internal.core.PackageFragmentRoot.getResolvedClasspathEntry(PackageFragmentRoot.java:630)
	at org.testng.eclipse.ui.codemining.TestCodeMiningProvider.mineForTests(TestCodeMiningProvider.java:60)
	at org.testng.eclipse.ui.codemining.TestCodeMiningProvider.lambda$0(TestCodeMiningProvider.java:40)
	at java.base/java.util.concurrent.CompletableFuture$AsyncSupply.run(CompletableFuture.java:1764)
	at java.base/java.util.concurrent.CompletableFuture$AsyncSupply.exec(CompletableFuture.java:1756)
	at java.base/java.util.concurrent.ForkJoinTask.doExec(ForkJoinTask.java:290)
	at java.base/java.util.concurrent.ForkJoinPool$WorkQueue.topLevelExec(ForkJoinPool.java:1016)
	at java.base/java.util.concurrent.ForkJoinPool.scan(ForkJoinPool.java:1665)
	at java.base/java.util.concurrent.ForkJoinPool.runWorker(ForkJoinPool.java:1598)
	at java.base/java.util.concurrent.ForkJoinWorkerThread.run(ForkJoinWorkerThread.java:183)
!SUBENTRY 1 org.eclipse.jdt.core 4 1006 2023-01-03 09:29:23.794
!MESSAGE test/java/stepDefinations [in src] is not on its project's build path

!ENTRY org.eclipse.egit.ui 2 0 2023-01-03 09:29:25.302
!MESSAGE Warning: The environment variable HOME is not set. The following directory will be used to store the Git
user global configuration and to define the default location to store repositories: 'C:\Users\Keyur'. If this is
not correct please set the HOME environment variable and restart Eclipse. Otherwise Git for Windows and
EGit might behave differently since they see different configuration options.
This warning can be switched off on the Team > Git > Confirmations and Warnings preference page.

!ENTRY org.testng.eclipse 4 4 2023-01-03 09:29:25.532
!MESSAGE Error
!STACK 1
Java Model Exception: Java Model Status [test/java/stepDefinations [in src] is not on its project's build path]
	at org.eclipse.jdt.internal.core.PackageFragmentRoot.getResolvedClasspathEntry(PackageFragmentRoot.java:630)
	at org.testng.eclipse.ui.codemining.TestCodeMiningProvider.mineForTests(TestCodeMiningProvider.java:60)
	at org.testng.eclipse.ui.codemining.TestCodeMiningProvider.lambda$0(TestCodeMiningProvider.java:40)
	at java.base/java.util.concurrent.CompletableFuture$AsyncSupply.run(CompletableFuture.java:1764)
	at java.base/java.util.concurrent.CompletableFuture$AsyncSupply.exec(CompletableFuture.java:1756)
	at java.base/java.util.concurrent.ForkJoinTask.doExec(ForkJoinTask.java:290)
	at java.base/java.util.concurrent.ForkJoinPool$WorkQueue.topLevelExec(ForkJoinPool.java:1016)
	at java.base/java.util.concurrent.ForkJoinPool.scan(ForkJoinPool.java:1665)
	at java.base/java.util.concurrent.ForkJoinPool.runWorker(ForkJoinPool.java:1598)
	at java.base/java.util.concurrent.ForkJoinWorkerThread.run(ForkJoinWorkerThread.java:183)
!SUBENTRY 1 org.eclipse.jdt.core 4 1006 2023-01-03 09:29:25.533
!MESSAGE test/java/stepDefinations [in src] is not on its project's build path

!ENTRY org.eclipse.ui 4 4 2023-01-03 09:35:53.178
!MESSAGE Plug-in 'org.eclipse.egit.ui' contributed an invalid Menu Extension (Path: 'org.eclipse.search.menu' is invalid): org.eclipse.egit.ui.actions.OpenCommitSearchPage
